-------------------------------------------------------------------------------
Test set: Tests.HomePageTest
-------------------------------------------------------------------------------
Tests run: 5, Failures: 0, Errors: 1, Skipped: 0, Time elapsed: 25.052 s <<< FAILURE! - in Tests.HomePageTest
buttonStudentDirectoryGoToTheStudentDirectoryPage  Time elapsed: 5.867 s  <<< ERROR!
org.openqa.selenium.InvalidSelectorException: 
invalid selector: An invalid or illegal selector was specified
  (Session info: chrome=114.0.5735.134)
For documentation on this error, please visit: https://selenium.dev/exceptions/#invalid_selector_exception
Build info: version: '4.8.0', revision: '267030adea'
System info: os.name: 'Windows 11', os.arch: 'amd64', os.version: '10.0', java.version: '17.0.6'
Driver info: org.openqa.selenium.chrome.ChromeDriver
Command: [1875e34ac7a592246966afbefa667202, findElement {using=css selector, value= //a[contains(text(), 'Student Directory')]}]
Capabilities {acceptInsecureCerts: true, browserName: chrome, browserVersion: 114.0.5735.134, chrome: {chromedriverVersion: 114.0.5735.90 (386bc09e8f4f..., userDataDir: C:\Users\anyut\AppData\Loca...}, goog:chromeOptions: {debuggerAddress: localhost:62372}, networkConnectionEnabled: false, pageLoadStrategy: normal, platformName: WINDOWS, proxy: Proxy(), se:cdp: ws://localhost:62372/devtoo..., se:cdpVersion: 114.0.5735.134, setWindowRect: true, strictFileInteractability: false, timeouts: {implicit: 0, pageLoad: 300000, script: 30000}, unhandledPromptBehavior: accept, webauthn:extension:credBlob: true, webauthn:extension:largeBlob: true, webauthn:extension:minPinLength: true, webauthn:extension:prf: true, webauthn:virtualAuthenticators: true}
Session ID: 1875e34ac7a592246966afbefa667202
	at Tests.HomePageTest.buttonStudentDirectoryGoToTheStudentDirectoryPage(HomePageTest.java:42)

